<?xml version="1.0" encoding="UTF-8"?>
<testng-results skipped="0" failed="0" ignored="0" total="0" passed="0">
  <reporter-output>
  </reporter-output>
  <suite name="Surefire suite" duration-ms="96484" started-at="2021-01-08T03:54:26 PST" finished-at="2021-01-08T03:56:02 PST">
    <groups>
    </groups>
    <test name="Surefire test" duration-ms="96484" started-at="2021-01-08T03:54:26 PST" finished-at="2021-01-08T03:56:02 PST">
    </test> <!-- Surefire test -->
  </suite> <!-- Surefire suite -->
</testng-results>
